<?xml version="1.0" encoding="UTF-8"?>
<!-- Generated by org.testng.reporters.JUnitXMLReporter -->
<testsuite hostname="LAPTOP-HHN7D2TC" ignored="4" name="Test" tests="4" failures="0" timestamp="2022-03-14T17:15:05 IST" time="43.762" errors="0">
  <testcase name="Br" time="9.835" classname="com.ebanking.master.BranchNg"/>
  <testcase name="Rol" time="10.498" classname="com.ebanking.master.RoleNg"/>
  <testcase name="Rol" time="10.308" classname="com.ebanking.master.RoleNg"/>
  <testcase name="Rol" time="9.783" classname="com.ebanking.master.RoleNg"/>
  <testcase name="@BeforeTest beforeTest" time="0.0" classname="com.ebanking.master.Base">
    <ignored/>
  </testcase> <!-- @BeforeTest beforeTest -->
  <testcase name="@AfterTest afterTest" time="0.0" classname="com.ebanking.master.Base">
    <ignored/>
  </testcase> <!-- @AfterTest afterTest -->
  <testcase name="@BeforeSuite beforeSuite" time="0.0" classname="com.ebanking.master.Base">
    <ignored/>
  </testcase> <!-- @BeforeSuite beforeSuite -->
  <testcase name="@AfterSuite afterSuite" time="0.0" classname="com.ebanking.master.Base">
    <ignored/>
  </testcase> <!-- @AfterSuite afterSuite -->
</testsuite> <!-- Test -->
